<?xml version="1.0" encoding="UTF-8"?>
<testng-results ignored="0" total="1" passed="1" failed="0" skipped="0">
  <reporter-output>
  </reporter-output>
  <suite started-at="2022-10-20T14:43:20 IST" name="nopCommerce" finished-at="2022-10-20T14:43:58 IST" duration-ms="38526">
    <groups>
    </groups>
    <test started-at="2022-10-20T14:43:20 IST" name="nopCommerce Test1" finished-at="2022-10-20T14:43:58 IST" duration-ms="38526">
      <class name="com.nopCommerceV2.testCases.TC_LoginDDT_002">
        <test-method is-config="true" signature="setup(java.lang.String)[pri:0, instance:com.nopCommerceV2.testCases.TC_LoginDDT_002@6e75aa0d]" started-at="2022-10-20T14:43:20 IST" name="setup" finished-at="2022-10-20T14:43:24 IST" duration-ms="3697" status="PASS">
          <params>
            <param index="0">
              <value>
                <![CDATA[chrome]]>
              </value>
            </param>
          </params>
          <reporter-output>
          </reporter-output>
        </test-method> <!-- setup -->
        <test-method signature="loginTestDDT()[pri:0, instance:com.nopCommerceV2.testCases.TC_LoginDDT_002@6e75aa0d]" started-at="2022-10-20T14:43:24 IST" name="loginTestDDT" finished-at="2022-10-20T14:43:57 IST" duration-ms="33506" status="PASS">
          <reporter-output>
          </reporter-output>
        </test-method> <!-- loginTestDDT -->
        <test-method is-config="true" signature="tearDown()[pri:0, instance:com.nopCommerceV2.testCases.TC_LoginDDT_002@6e75aa0d]" started-at="2022-10-20T14:43:57 IST" name="tearDown" finished-at="2022-10-20T14:43:58 IST" duration-ms="878" status="PASS">
          <reporter-output>
          </reporter-output>
        </test-method> <!-- tearDown -->
      </class> <!-- com.nopCommerceV2.testCases.TC_LoginDDT_002 -->
    </test> <!-- nopCommerce Test1 -->
  </suite> <!-- nopCommerce -->
</testng-results>
